<?xml version="1.0" encoding="UTF-8"?>
<testsuite xmlns:xsi="http://www.w3.org/2001/XMLSchema-instance" xsi:noNamespaceSchemaLocation="https://maven.apache.org/surefire/maven-surefire-plugin/xsd/surefire-test-report.xsd" name="TestSuite" time="17.28" tests="5" errors="0" skipped="0" failures="0">
  <properties>
    <property name="sun.desktop" value="gnome"/>
    <property name="awt.toolkit" value="sun.awt.X11.XToolkit"/>
    <property name="java.specification.version" value="11"/>
    <property name="sun.cpu.isalist" value=""/>
    <property name="sun.jnu.encoding" value="UTF-8"/>
    <property name="java.class.path" value="/home/hamza/Desktop/workspace/VideoGameAPI/target/test-classes:/home/hamza/Desktop/workspace/VideoGameAPI/target/classes:/home/hamza/.m2/repository/io/rest-assured/rest-assured/5.3.0/rest-assured-5.3.0.jar:/home/hamza/.m2/repository/org/apache/groovy/groovy/4.0.6/groovy-4.0.6.jar:/home/hamza/.m2/repository/org/apache/groovy/groovy-xml/4.0.6/groovy-xml-4.0.6.jar:/home/hamza/.m2/repository/org/apache/httpcomponents/httpclient/4.5.13/httpclient-4.5.13.jar:/home/hamza/.m2/repository/org/apache/httpcomponents/httpcore/4.4.13/httpcore-4.4.13.jar:/home/hamza/.m2/repository/commons-logging/commons-logging/1.2/commons-logging-1.2.jar:/home/hamza/.m2/repository/commons-codec/commons-codec/1.11/commons-codec-1.11.jar:/home/hamza/.m2/repository/org/apache/httpcomponents/httpmime/4.5.13/httpmime-4.5.13.jar:/home/hamza/.m2/repository/org/hamcrest/hamcrest/2.1/hamcrest-2.1.jar:/home/hamza/.m2/repository/org/ccil/cowan/tagsoup/tagsoup/1.2.1/tagsoup-1.2.1.jar:/home/hamza/.m2/repository/io/rest-assured/json-path/5.3.0/json-path-5.3.0.jar:/home/hamza/.m2/repository/org/apache/groovy/groovy-json/4.0.6/groovy-json-4.0.6.jar:/home/hamza/.m2/repository/io/rest-assured/rest-assured-common/5.3.0/rest-assured-common-5.3.0.jar:/home/hamza/.m2/repository/io/rest-assured/xml-path/5.3.0/xml-path-5.3.0.jar:/home/hamza/.m2/repository/org/apache/commons/commons-lang3/3.11/commons-lang3-3.11.jar:/home/hamza/.m2/repository/org/testng/testng/6.14.3/testng-6.14.3.jar:/home/hamza/.m2/repository/com/beust/jcommander/1.72/jcommander-1.72.jar:/home/hamza/.m2/repository/org/apache-extras/beanshell/bsh/2.0b6/bsh-2.0b6.jar:/home/hamza/.m2/repository/com/googlecode/json-simple/json-simple/1.1.1/json-simple-1.1.1.jar:/home/hamza/.m2/repository/junit/junit/4.10/junit-4.10.jar:/home/hamza/.m2/repository/org/hamcrest/hamcrest-core/1.1/hamcrest-core-1.1.jar:/home/hamza/.m2/repository/log4j/log4j/1.2.17/log4j-1.2.17.jar:/home/hamza/.m2/repository/org/apache/logging/log4j/log4j-core/2.19.0/log4j-core-2.19.0.jar:/home/hamza/.m2/repository/org/apache/logging/log4j/log4j-api/2.19.0/log4j-api-2.19.0.jar:/home/hamza/.m2/repository/io/qameta/allure/allure-testng/2.17.3/allure-testng-2.17.3.jar:/home/hamza/.m2/repository/io/qameta/allure/allure-java-commons/2.17.3/allure-java-commons-2.17.3.jar:/home/hamza/.m2/repository/org/slf4j/slf4j-api/1.7.30/slf4j-api-1.7.30.jar:/home/hamza/.m2/repository/io/qameta/allure/allure-model/2.17.3/allure-model-2.17.3.jar:/home/hamza/.m2/repository/io/qameta/allure/allure-test-filter/2.17.3/allure-test-filter-2.17.3.jar:"/>
    <property name="java.vm.vendor" value="Ubuntu"/>
    <property name="sun.arch.data.model" value="64"/>
    <property name="java.vendor.url" value="https://ubuntu.com/"/>
    <property name="user.timezone" value=""/>
    <property name="java.vm.specification.version" value="11"/>
    <property name="os.name" value="Linux"/>
    <property name="sun.java.launcher" value="SUN_STANDARD"/>
    <property name="user.country" value="US"/>
    <property name="sun.boot.library.path" value="/usr/lib/jvm/java-11-openjdk-amd64/lib"/>
    <property name="sun.java.command" value="/home/hamza/Desktop/workspace/VideoGameAPI/target/surefire/surefirebooter16584297411086766180.jar /home/hamza/Desktop/workspace/VideoGameAPI/target/surefire 2022-11-26T01-30-23_890-jvmRun1 surefire16838770755152108396tmp surefire_08134084517537811353tmp"/>
    <property name="jdk.debug" value="release"/>
    <property name="surefire.test.class.path" value="/home/hamza/Desktop/workspace/VideoGameAPI/target/test-classes:/home/hamza/Desktop/workspace/VideoGameAPI/target/classes:/home/hamza/.m2/repository/io/rest-assured/rest-assured/5.3.0/rest-assured-5.3.0.jar:/home/hamza/.m2/repository/org/apache/groovy/groovy/4.0.6/groovy-4.0.6.jar:/home/hamza/.m2/repository/org/apache/groovy/groovy-xml/4.0.6/groovy-xml-4.0.6.jar:/home/hamza/.m2/repository/org/apache/httpcomponents/httpclient/4.5.13/httpclient-4.5.13.jar:/home/hamza/.m2/repository/org/apache/httpcomponents/httpcore/4.4.13/httpcore-4.4.13.jar:/home/hamza/.m2/repository/commons-logging/commons-logging/1.2/commons-logging-1.2.jar:/home/hamza/.m2/repository/commons-codec/commons-codec/1.11/commons-codec-1.11.jar:/home/hamza/.m2/repository/org/apache/httpcomponents/httpmime/4.5.13/httpmime-4.5.13.jar:/home/hamza/.m2/repository/org/hamcrest/hamcrest/2.1/hamcrest-2.1.jar:/home/hamza/.m2/repository/org/ccil/cowan/tagsoup/tagsoup/1.2.1/tagsoup-1.2.1.jar:/home/hamza/.m2/repository/io/rest-assured/json-path/5.3.0/json-path-5.3.0.jar:/home/hamza/.m2/repository/org/apache/groovy/groovy-json/4.0.6/groovy-json-4.0.6.jar:/home/hamza/.m2/repository/io/rest-assured/rest-assured-common/5.3.0/rest-assured-common-5.3.0.jar:/home/hamza/.m2/repository/io/rest-assured/xml-path/5.3.0/xml-path-5.3.0.jar:/home/hamza/.m2/repository/org/apache/commons/commons-lang3/3.11/commons-lang3-3.11.jar:/home/hamza/.m2/repository/org/testng/testng/6.14.3/testng-6.14.3.jar:/home/hamza/.m2/repository/com/beust/jcommander/1.72/jcommander-1.72.jar:/home/hamza/.m2/repository/org/apache-extras/beanshell/bsh/2.0b6/bsh-2.0b6.jar:/home/hamza/.m2/repository/com/googlecode/json-simple/json-simple/1.1.1/json-simple-1.1.1.jar:/home/hamza/.m2/repository/junit/junit/4.10/junit-4.10.jar:/home/hamza/.m2/repository/org/hamcrest/hamcrest-core/1.1/hamcrest-core-1.1.jar:/home/hamza/.m2/repository/log4j/log4j/1.2.17/log4j-1.2.17.jar:/home/hamza/.m2/repository/org/apache/logging/log4j/log4j-core/2.19.0/log4j-core-2.19.0.jar:/home/hamza/.m2/repository/org/apache/logging/log4j/log4j-api/2.19.0/log4j-api-2.19.0.jar:/home/hamza/.m2/repository/io/qameta/allure/allure-testng/2.17.3/allure-testng-2.17.3.jar:/home/hamza/.m2/repository/io/qameta/allure/allure-java-commons/2.17.3/allure-java-commons-2.17.3.jar:/home/hamza/.m2/repository/org/slf4j/slf4j-api/1.7.30/slf4j-api-1.7.30.jar:/home/hamza/.m2/repository/io/qameta/allure/allure-model/2.17.3/allure-model-2.17.3.jar:/home/hamza/.m2/repository/io/qameta/allure/allure-test-filter/2.17.3/allure-test-filter-2.17.3.jar:"/>
    <property name="sun.cpu.endian" value="little"/>
    <property name="user.home" value="/home/hamza"/>
    <property name="user.language" value="en"/>
    <property name="java.specification.vendor" value="Oracle Corporation"/>
    <property name="java.version.date" value="2022-10-18"/>
    <property name="java.home" value="/usr/lib/jvm/java-11-openjdk-amd64"/>
    <property name="file.separator" value="/"/>
    <property name="basedir" value="/home/hamza/Desktop/workspace/VideoGameAPI"/>
    <property name="java.vm.compressedOopsMode" value="Zero based"/>
    <property name="line.separator" value="&#10;"/>
    <property name="java.specification.name" value="Java Platform API Specification"/>
    <property name="java.vm.specification.vendor" value="Oracle Corporation"/>
    <property name="java.awt.graphicsenv" value="sun.awt.X11GraphicsEnvironment"/>
    <property name="surefire.real.class.path" value="/home/hamza/Desktop/workspace/VideoGameAPI/target/surefire/surefirebooter16584297411086766180.jar"/>
    <property name="sun.management.compiler" value="HotSpot 64-Bit Tiered Compilers"/>
    <property name="java.runtime.version" value="11.0.17+8-post-Ubuntu-1ubuntu2"/>
    <property name="user.name" value="hamza"/>
    <property name="path.separator" value=":"/>
    <property name="os.version" value="5.19.0-23-generic"/>
    <property name="java.runtime.name" value="OpenJDK Runtime Environment"/>
    <property name="file.encoding" value="UTF-8"/>
    <property name="java.vm.name" value="OpenJDK 64-Bit Server VM"/>
    <property name="localRepository" value="/home/hamza/.m2/repository"/>
    <property name="java.vendor.url.bug" value="https://bugs.launchpad.net/ubuntu/+source/openjdk-lts"/>
    <property name="java.io.tmpdir" value="/tmp"/>
    <property name="java.version" value="11.0.17"/>
    <property name="user.dir" value="/home/hamza/Desktop/workspace/VideoGameAPI"/>
    <property name="os.arch" value="amd64"/>
    <property name="java.vm.specification.name" value="Java Virtual Machine Specification"/>
    <property name="java.awt.printerjob" value="sun.print.PSPrinterJob"/>
    <property name="sun.os.patch.level" value="unknown"/>
    <property name="java.library.path" value="/usr/java/packages/lib:/usr/lib/x86_64-linux-gnu/jni:/lib/x86_64-linux-gnu:/usr/lib/x86_64-linux-gnu:/usr/lib/jni:/lib:/usr/lib"/>
    <property name="java.vm.info" value="mixed mode"/>
    <property name="java.vendor" value="Ubuntu"/>
    <property name="java.vm.version" value="11.0.17+8-post-Ubuntu-1ubuntu2"/>
    <property name="sun.io.unicode.encoding" value="UnicodeLittle"/>
    <property name="java.class.version" value="55.0"/>
  </properties>
  <testcase name="get_allVideoGames" classname="videoGameAPI.TestScript.TC1_GET_Request" time="0.501"/>
  <testcase name="post_aNewVideoGame" classname="videoGameAPI.TestScript.TC2_POST_Request" time="0.377"/>
  <testcase name="get_singlGameByID" classname="videoGameAPI.TestScript.TC4_GET_Request" time="0.06"/>
  <testcase name="update_existingVideoGameByID" classname="videoGameAPI.TestScript.TC_5_PUT_Request" time="0.044"/>
  <testcase name="delete_existinVideoGame" classname="videoGameAPI.TestScript.TC3_DELETE_Request" time="0.042"/>
</testsuite>