<?xml version="1.0" encoding="UTF-8"?>
<!-- Generated by org.testng.reporters.JUnitReportReporter -->
<testsuite hostname="hamza" failures="0" tests="1" name="videoGameAPI.TestScript.TC_5_PUT_Request" time="0.041" errors="0" timestamp="26 Nov 2022 06:10:57 GMT" skipped="0">
  <testcase classname="videoGameAPI.TestScript.TC_5_PUT_Request" name="update_existingVideoGameByID" time="0.041"/>
</testsuite> <!-- videoGameAPI.TestScript.TC_5_PUT_Request -->
