<?xml version="1.0" encoding="UTF-8"?>
<!-- Generated by org.testng.reporters.JUnitReportReporter -->
<testsuite hostname="hamza" failures="0" tests="1" name="videoGameAPI.TestScript.TC4_GET_Request" time="0.067" errors="0" timestamp="26 Nov 2022 06:10:57 GMT" skipped="0">
  <testcase classname="videoGameAPI.TestScript.TC4_GET_Request" name="get_singlGameByID" time="0.067"/>
</testsuite> <!-- videoGameAPI.TestScript.TC4_GET_Request -->
