<?xml version="1.0" encoding="UTF-8"?>
<!-- Generated by org.testng.reporters.JUnitReportReporter -->
<testsuite hostname="hamza" failures="0" tests="1" name="videoGameAPI.TestScript.TC2_POST_Request" time="0.378" errors="0" timestamp="26 Nov 2022 06:30:41 GMT" skipped="0">
  <testcase classname="videoGameAPI.TestScript.TC2_POST_Request" name="post_aNewVideoGame" time="0.378"/>
</testsuite> <!-- videoGameAPI.TestScript.TC2_POST_Request -->
