<?xml version="1.0" encoding="UTF-8"?>
<!-- Generated by org.testng.reporters.JUnitReportReporter -->
<testsuite hostname="hamza" failures="0" tests="1" name="videoGameAPI.TestScript.TC1_GET_Request" time="0.501" errors="0" timestamp="26 Nov 2022 06:30:41 GMT" skipped="0">
  <testcase classname="videoGameAPI.TestScript.TC1_GET_Request" name="get_allVideoGames" time="0.501"/>
</testsuite> <!-- videoGameAPI.TestScript.TC1_GET_Request -->
